<?xml version="1.0" encoding="UTF-8"?>
<testsuite xmlns:xsi="http://www.w3.org/2001/XMLSchema-instance" xsi:noNamespaceSchemaLocation="https://maven.apache.org/surefire/maven-surefire-plugin/xsd/surefire-test-report-3.0.xsd" version="3.0" name="TestSuite" time="3.76" tests="5" errors="0" skipped="0" failures="0">
  <properties>
    <property name="sun.desktop" value="windows"/>
    <property name="awt.toolkit" value="sun.awt.windows.WToolkit"/>
    <property name="file.encoding.pkg" value="sun.io"/>
    <property name="java.specification.version" value="1.8"/>
    <property name="sun.cpu.isalist" value="amd64"/>
    <property name="sun.jnu.encoding" value="GBK"/>
    <property name="java.class.path" value="E:\workspace\salt\utils\target\test-classes;E:\workspace\salt\utils\target\classes;e:\mvn\org\testng\testng\7.3.0\testng-7.3.0.jar;e:\mvn\com\beust\jcommander\1.78\jcommander-1.78.jar;e:\mvn\org\apache\ant\ant\1.10.3\ant-1.10.3.jar;e:\mvn\org\apache\ant\ant-launcher\1.10.3\ant-launcher-1.10.3.jar;e:\mvn\junit\junit\4.12\junit-4.12.jar;e:\mvn\org\hamcrest\hamcrest-core\1.3\hamcrest-core-1.3.jar;e:\mvn\com\google\inject\guice\4.2.2\guice-4.2.2-no_aop.jar;e:\mvn\javax\inject\javax.inject\1\javax.inject-1.jar;e:\mvn\aopalliance\aopalliance\1.0\aopalliance-1.0.jar;e:\mvn\com\google\guava\guava\25.1-android\guava-25.1-android.jar;e:\mvn\com\google\code\findbugs\jsr305\3.0.2\jsr305-3.0.2.jar;e:\mvn\org\checkerframework\checker-compat-qual\2.0.0\checker-compat-qual-2.0.0.jar;e:\mvn\com\google\errorprone\error_prone_annotations\2.1.3\error_prone_annotations-2.1.3.jar;e:\mvn\com\google\j2objc\j2objc-annotations\1.1\j2objc-annotations-1.1.jar;e:\mvn\org\codehaus\mojo\animal-sniffer-annotations\1.14\animal-sniffer-annotations-1.14.jar;e:\mvn\org\yaml\snakeyaml\1.21\snakeyaml-1.21.jar;e:\mvn\org\slf4j\slf4j-api\1.7.36\slf4j-api-1.7.36.jar;e:\mvn\org\apache\logging\log4j\log4j-api\2.19.0\log4j-api-2.19.0.jar;e:\mvn\org\apache\logging\log4j\log4j-core\2.19.0\log4j-core-2.19.0.jar;"/>
    <property name="java.vm.vendor" value="Oracle Corporation"/>
    <property name="sun.arch.data.model" value="64"/>
    <property name="user.variant" value=""/>
    <property name="java.vendor.url" value="http://java.oracle.com/"/>
    <property name="user.timezone" value="Asia/Shanghai"/>
    <property name="java.vm.specification.version" value="1.8"/>
    <property name="os.name" value="Windows 10"/>
    <property name="user.country" value="CN"/>
    <property name="sun.java.launcher" value="SUN_STANDARD"/>
    <property name="sun.boot.library.path" value="D:\Program Files\Java\jdk1.8.0_202\jre\bin"/>
    <property name="sun.java.command" value="C:\Users\guan\AppData\Local\Temp\surefire5672090686112527568\surefirebooter-20240111220654957_3.jar C:\Users\guan\AppData\Local\Temp\surefire5672090686112527568 2024-01-11T22-06-54_646-jvmRun1 surefire-20240111220654957_1tmp surefire_0-20240111220654957_2tmp"/>
    <property name="surefire.test.class.path" value="E:\workspace\salt\utils\target\test-classes;E:\workspace\salt\utils\target\classes;e:\mvn\org\testng\testng\7.3.0\testng-7.3.0.jar;e:\mvn\com\beust\jcommander\1.78\jcommander-1.78.jar;e:\mvn\org\apache\ant\ant\1.10.3\ant-1.10.3.jar;e:\mvn\org\apache\ant\ant-launcher\1.10.3\ant-launcher-1.10.3.jar;e:\mvn\junit\junit\4.12\junit-4.12.jar;e:\mvn\org\hamcrest\hamcrest-core\1.3\hamcrest-core-1.3.jar;e:\mvn\com\google\inject\guice\4.2.2\guice-4.2.2-no_aop.jar;e:\mvn\javax\inject\javax.inject\1\javax.inject-1.jar;e:\mvn\aopalliance\aopalliance\1.0\aopalliance-1.0.jar;e:\mvn\com\google\guava\guava\25.1-android\guava-25.1-android.jar;e:\mvn\com\google\code\findbugs\jsr305\3.0.2\jsr305-3.0.2.jar;e:\mvn\org\checkerframework\checker-compat-qual\2.0.0\checker-compat-qual-2.0.0.jar;e:\mvn\com\google\errorprone\error_prone_annotations\2.1.3\error_prone_annotations-2.1.3.jar;e:\mvn\com\google\j2objc\j2objc-annotations\1.1\j2objc-annotations-1.1.jar;e:\mvn\org\codehaus\mojo\animal-sniffer-annotations\1.14\animal-sniffer-annotations-1.14.jar;e:\mvn\org\yaml\snakeyaml\1.21\snakeyaml-1.21.jar;e:\mvn\org\slf4j\slf4j-api\1.7.36\slf4j-api-1.7.36.jar;e:\mvn\org\apache\logging\log4j\log4j-api\2.19.0\log4j-api-2.19.0.jar;e:\mvn\org\apache\logging\log4j\log4j-core\2.19.0\log4j-core-2.19.0.jar;"/>
    <property name="sun.cpu.endian" value="little"/>
    <property name="user.home" value="C:\Users\guan"/>
    <property name="user.language" value="zh"/>
    <property name="java.specification.vendor" value="Oracle Corporation"/>
    <property name="java.home" value="D:\Program Files\Java\jdk1.8.0_202\jre"/>
    <property name="basedir" value="E:\workspace\salt\utils"/>
    <property name="file.separator" value="\"/>
    <property name="line.separator" value="&#10;"/>
    <property name="java.vm.specification.vendor" value="Oracle Corporation"/>
    <property name="java.specification.name" value="Java Platform API Specification"/>
    <property name="java.awt.graphicsenv" value="sun.awt.Win32GraphicsEnvironment"/>
    <property name="surefire.real.class.path" value="C:\Users\guan\AppData\Local\Temp\surefire5672090686112527568\surefirebooter-20240111220654957_3.jar"/>
    <property name="sun.boot.class.path" value="D:\Program Files\Java\jdk1.8.0_202\jre\lib\resources.jar;D:\Program Files\Java\jdk1.8.0_202\jre\lib\rt.jar;D:\Program Files\Java\jdk1.8.0_202\jre\lib\sunrsasign.jar;D:\Program Files\Java\jdk1.8.0_202\jre\lib\jsse.jar;D:\Program Files\Java\jdk1.8.0_202\jre\lib\jce.jar;D:\Program Files\Java\jdk1.8.0_202\jre\lib\charsets.jar;D:\Program Files\Java\jdk1.8.0_202\jre\lib\jfr.jar;D:\Program Files\Java\jdk1.8.0_202\jre\classes"/>
    <property name="user.script" value=""/>
    <property name="sun.management.compiler" value="HotSpot 64-Bit Tiered Compilers"/>
    <property name="java.runtime.version" value="1.8.0_202-b08"/>
    <property name="user.name" value="guan"/>
    <property name="path.separator" value=";"/>
    <property name="os.version" value="10.0"/>
    <property name="java.endorsed.dirs" value="D:\Program Files\Java\jdk1.8.0_202\jre\lib\endorsed"/>
    <property name="java.runtime.name" value="Java(TM) SE Runtime Environment"/>
    <property name="file.encoding" value="GBK"/>
    <property name="java.vm.name" value="Java HotSpot(TM) 64-Bit Server VM"/>
    <property name="localRepository" value="e:\mvn"/>
    <property name="java.vendor.url.bug" value="http://bugreport.sun.com/bugreport/"/>
    <property name="java.io.tmpdir" value="C:\Users\guan\AppData\Local\Temp\"/>
    <property name="idea.version" value="2022.2.1"/>
    <property name="java.version" value="1.8.0_202"/>
    <property name="user.dir" value="E:\workspace\salt\utils"/>
    <property name="os.arch" value="amd64"/>
    <property name="java.vm.specification.name" value="Java Virtual Machine Specification"/>
    <property name="java.awt.printerjob" value="sun.awt.windows.WPrinterJob"/>
    <property name="sun.os.patch.level" value=""/>
    <property name="java.library.path" value="D:\Program Files\Java\jdk1.8.0_202\jre\bin;C:\Windows\Sun\Java\bin;C:\Windows\system32;C:\Windows;C:\Program Files (x86)\Common Files\Oracle\Java\javapath;C:\Program Files (x86)\Common Files\Intel\Shared Files\cpp\bin\Intel64;C:\Windows\system32;C:\Windows;C:\Windows\System32\Wbem;C:\Windows\System32\WindowsPowerShell\v1.0\;C:\Windows\System32\OpenSSH\;D:\Program Files (x86)\Microsoft SQL Server\100\Tools\Binn\;D:\Program Files\Microsoft SQL Server\100\Tools\Binn\;D:\Program Files\Microsoft SQL Server\100\DTS\Binn\;D:\Program Files (x86)\Microsoft SQL Server\100\Tools\Binn\VSShell\Common7\IDE\;D:\Program Files (x86)\Microsoft SQL Server\100\DTS\Binn\;D:\Program Files\Java\jdk1.8.0_281\bin;D:\Program Files (x86)\Java\jre1.8.0_281\bin;D:\Program Files\Java\jdk1.8.0_281;D:\Program Files\nodejs\node_global\;d:\P;ogram Files\Git\cmd;D:\Pro;ram Files\nodejs\;d:\P;ogram Files\Git\cmd;D:\Pro;ram Files\nodejs\;d:\P;ogram Files\Git\cmd;C:\Program Files\dotnet\;D:\Program Files (x86)\NetSarang\Xshell 7\;D:\Program Files (x86)\NetSarang\Xftp 7\;d:\Program Files (x86)\Tencent\微信web开发者工具\dll;;;d:\Program Files\Git\cmd;C:\Users\guan\AppData\Local\Microsoft\WindowsApps;d:\Program Files\JetBrains\IntelliJ IDEA 2020.3.2\bin;;C:\Users\guan\AppData\Roaming\npm;."/>
    <property name="java.vm.info" value="mixed mode"/>
    <property name="java.vendor" value="Oracle Corporation"/>
    <property name="java.vm.version" value="25.202-b08"/>
    <property name="java.ext.dirs" value="D:\Program Files\Java\jdk1.8.0_202\jre\lib\ext;C:\Windows\Sun\Java\lib\ext"/>
    <property name="sun.io.unicode.encoding" value="UnicodeLittle"/>
    <property name="java.class.version" value="52.0"/>
  </properties>
  <testcase name="mantissaPreferenceFilter" classname="salt.hoprxi.utils.DigitPreferenceFilterTest" time="0.007"/>
  <testcase name="preferenceFilter" classname="salt.hoprxi.utils.DigitPreferenceFilterTest" time="0.001"/>
  <testcase name="testValueOf" classname="salt.hoprxi.utils.RandomGeneratorTest" time="0.011">
    <system-out><![CDATA[601077
301698
365816
369422
305243
628912
193725
395898
373542
196977
2147483647
2147483647
2147483647
2147483647
2147483647
2147483647
2147483647
2147483647
2147483647
2147483647
瘈呬续杣淕諷醷冟膨傝轾訑
漉抷殁膳簖鋻鑋銥耩汿蔦丩
螝洃币李侬凜稂揜袀饈朌蠔
懱堊墨恞挚誡溇悟礼焗磴蚥
惹琗殖蓍誋丹鉼磷繜皲賬啣
綍鈻軯衂咳仞軔端皨躹踧攷
瘱戫庥陕齭筡蓀驫敗姼铴睰
歂詁闵縳虊穇漥籧髦稷绪柂
绍煲震匘線縙凊曗隧嘄邷蒫
迕迤岃鎇乔偉臑澹賑瘌曈碝
CP4Aj9q8
j76b?DXT
1)ccRVg?
PFzInH7w
8dX8Aw*p
hCBzbv0u
8]hRMFZl
)ovKWre?
x.8[fU)U
oE3iuoYW
4476
4867
3619
2787
2074
4713
2731
4792
3158
3128
]]></system-out>
  </testcase>
  <testcase name="testSelector" classname="salt.hoprxi.utils.SelectorTest" time="3.16">
    <system-out><![CDATA[192.168.1.4
192.168.1.3
192.168.1.1
192.168.1.0

group 192.168.1.1: 233828(23.3828%)
group 192.168.1.3: 265083(26.5083%)
group 192.168.1.2: 241997(24.1997%)
group 192.168.1.4: 259092(25.9092%)

select 192.168.1.1: 234445(23.4445%)
select 192.168.1.3: 265408(26.5408%)
select 192.168.1.2: 241520(24.152%)
select 192.168.1.4: 258627(25.8627%)

add:
select 192.168.1.1: 121331(12.1331%)
select 192.168.1.3: 129909(12.9909%)
select 192.168.1.2: 117369(11.7369%)
select 192.168.1.8: 142744(14.2744%)
select 192.168.1.5: 114974(11.4974%)
select 192.168.1.4: 122694(12.2694%)
select 192.168.1.7: 139560(13.956%)
select 192.168.1.6: 111419(11.1419%)

delete:
select 192.168.1.1: 138594(13.8594%)
select 192.168.1.3: 152543(15.2543%)
select 192.168.1.2: 130789(13.0789%)
select 192.168.1.8: 163206(16.3206%)
select 192.168.1.4: 139111(13.9111%)
select 192.168.1.7: 154528(15.4528%)
select 192.168.1.6: 121229(12.1229%)
]]></system-out>
  </testcase>
  <testcase name="testApp on testApp(salt.hoprxi.AppTest)" classname="salt.hoprxi.AppTest" time="0.001"/>
</testsuite>