<?xml version="1.0" encoding="UTF-8"?>
<!-- Generated by org.testng.reporters.JUnitReportReporter -->
<testsuite skipped="0" hostname="DESKTOP-3UDVRB3" name="salt.hoprxi.utils.RandomGeneratorTest" tests="1" failures="0" timestamp="2023-09-20T21:59:28 CST" time="0.005" errors="0">
  <testcase name="testValueOf" time="0.005" classname="salt.hoprxi.utils.RandomGeneratorTest"/>
  <system-out/>
</testsuite> <!-- salt.hoprxi.utils.RandomGeneratorTest -->
