<?xml version="1.0" encoding="UTF-8"?>
<!-- Generated by org.testng.reporters.JUnitReportReporter -->
<testsuite skipped="0" hostname="DESKTOP-3UDVRB3" name="salt.hoprxi.utils.SelectorTest" tests="1" failures="0" timestamp="2024-01-11T22:06:59 CST" time="3.166" errors="0">
  <testcase name="testSelector" time="3.166" classname="salt.hoprxi.utils.SelectorTest"/>
  <system-out/>
</testsuite> <!-- salt.hoprxi.utils.SelectorTest -->
