<?xml version="1.0" encoding="UTF-8"?>
<!-- Generated by org.testng.reporters.JUnitReportReporter -->
<testsuite skipped="0" hostname="DESKTOP-3UDVRB3" name="salt.hoprxi.utils.DigitPreferenceFilterTest" tests="2" failures="0" timestamp="2024-01-11T22:06:59 CST" time="0.008" errors="0">
  <testcase name="preferenceFilter" time="0.001" classname="salt.hoprxi.utils.DigitPreferenceFilterTest"/>
  <system-out/>
  <testcase name="mantissaPreferenceFilter" time="0.007" classname="salt.hoprxi.utils.DigitPreferenceFilterTest"/>
  <system-out/>
</testsuite> <!-- salt.hoprxi.utils.DigitPreferenceFilterTest -->
