<?xml version="1.0" encoding="UTF-8"?>
<!-- Generated by org.testng.reporters.JUnitReportReporter -->
<testsuite skipped="0" hostname="DESKTOP-3UDVRB3" name="salt.hoprxi.utils.DigitPreferenceFilterTest" tests="2" failures="0" timestamp="2023-09-20T21:59:28 CST" time="0.013" errors="0">
  <testcase name="preferenceFilter" time="0.000" classname="salt.hoprxi.utils.DigitPreferenceFilterTest"/>
  <system-out/>
  <testcase name="mantissaPreferenceFilter" time="0.013" classname="salt.hoprxi.utils.DigitPreferenceFilterTest"/>
  <system-out/>
</testsuite> <!-- salt.hoprxi.utils.DigitPreferenceFilterTest -->
