<?xml version="1.0" encoding="UTF-8"?>
<testsuite xmlns:xsi="http://www.w3.org/2001/XMLSchema-instance" xsi:noNamespaceSchemaLocation="https://maven.apache.org/surefire/maven-surefire-plugin/xsd/surefire-test-report-3.0.xsd" version="3.0" name="TestSuite" time="4.394" tests="19" errors="0" skipped="0" failures="0">
  <properties>
    <property name="sun.desktop" value="windows"/>
    <property name="awt.toolkit" value="sun.awt.windows.WToolkit"/>
    <property name="file.encoding.pkg" value="sun.io"/>
    <property name="java.specification.version" value="1.8"/>
    <property name="sun.cpu.isalist" value="amd64"/>
    <property name="sun.jnu.encoding" value="GBK"/>
    <property name="java.class.path" value="E:\workspace\salt\crypto\target\test-classes;E:\workspace\salt\crypto\target\classes;e:\mvn\salt\hoprxi\to\1.0-SNAPSHOT\to-1.0-SNAPSHOT.jar;e:\mvn\org\bouncycastle\bcpkix-jdk18on\1.78.1\bcpkix-jdk18on-1.78.1.jar;e:\mvn\org\bouncycastle\bcutil-jdk18on\1.78.1\bcutil-jdk18on-1.78.1.jar;e:\mvn\org\bouncycastle\bcprov-jdk18on\1.78.1\bcprov-jdk18on-1.78.1.jar;e:\mvn\org\testng\testng\7.3.0\testng-7.3.0.jar;e:\mvn\com\beust\jcommander\1.78\jcommander-1.78.jar;e:\mvn\org\apache\ant\ant\1.10.3\ant-1.10.3.jar;e:\mvn\org\apache\ant\ant-launcher\1.10.3\ant-launcher-1.10.3.jar;e:\mvn\junit\junit\4.12\junit-4.12.jar;e:\mvn\org\hamcrest\hamcrest-core\1.3\hamcrest-core-1.3.jar;e:\mvn\com\google\inject\guice\4.2.2\guice-4.2.2-no_aop.jar;e:\mvn\javax\inject\javax.inject\1\javax.inject-1.jar;e:\mvn\aopalliance\aopalliance\1.0\aopalliance-1.0.jar;e:\mvn\com\google\guava\guava\25.1-android\guava-25.1-android.jar;e:\mvn\com\google\code\findbugs\jsr305\3.0.2\jsr305-3.0.2.jar;e:\mvn\org\checkerframework\checker-compat-qual\2.0.0\checker-compat-qual-2.0.0.jar;e:\mvn\com\google\errorprone\error_prone_annotations\2.1.3\error_prone_annotations-2.1.3.jar;e:\mvn\com\google\j2objc\j2objc-annotations\1.1\j2objc-annotations-1.1.jar;e:\mvn\org\codehaus\mojo\animal-sniffer-annotations\1.14\animal-sniffer-annotations-1.14.jar;e:\mvn\org\yaml\snakeyaml\1.21\snakeyaml-1.21.jar;e:\mvn\org\slf4j\slf4j-api\1.7.36\slf4j-api-1.7.36.jar;e:\mvn\org\apache\logging\log4j\log4j-api\2.19.0\log4j-api-2.19.0.jar;e:\mvn\org\apache\logging\log4j\log4j-core\2.19.0\log4j-core-2.19.0.jar;"/>
    <property name="java.vm.vendor" value="Oracle Corporation"/>
    <property name="sun.arch.data.model" value="64"/>
    <property name="user.variant" value=""/>
    <property name="java.vendor.url" value="http://java.oracle.com/"/>
    <property name="user.timezone" value="Asia/Shanghai"/>
    <property name="java.vm.specification.version" value="1.8"/>
    <property name="os.name" value="Windows 10"/>
    <property name="user.country" value="CN"/>
    <property name="sun.java.launcher" value="SUN_STANDARD"/>
    <property name="sun.boot.library.path" value="D:\Program Files\Java\jdk1.8.0_202\jre\bin"/>
    <property name="sun.java.command" value="C:\Users\guan\AppData\Local\Temp\surefire5823517381418834506\surefirebooter-20240531105710098_3.jar C:\Users\guan\AppData\Local\Temp\surefire5823517381418834506 2024-05-31T10-57-09_573-jvmRun1 surefire-20240531105710098_1tmp surefire_0-20240531105710098_2tmp"/>
    <property name="surefire.test.class.path" value="E:\workspace\salt\crypto\target\test-classes;E:\workspace\salt\crypto\target\classes;e:\mvn\salt\hoprxi\to\1.0-SNAPSHOT\to-1.0-SNAPSHOT.jar;e:\mvn\org\bouncycastle\bcpkix-jdk18on\1.78.1\bcpkix-jdk18on-1.78.1.jar;e:\mvn\org\bouncycastle\bcutil-jdk18on\1.78.1\bcutil-jdk18on-1.78.1.jar;e:\mvn\org\bouncycastle\bcprov-jdk18on\1.78.1\bcprov-jdk18on-1.78.1.jar;e:\mvn\org\testng\testng\7.3.0\testng-7.3.0.jar;e:\mvn\com\beust\jcommander\1.78\jcommander-1.78.jar;e:\mvn\org\apache\ant\ant\1.10.3\ant-1.10.3.jar;e:\mvn\org\apache\ant\ant-launcher\1.10.3\ant-launcher-1.10.3.jar;e:\mvn\junit\junit\4.12\junit-4.12.jar;e:\mvn\org\hamcrest\hamcrest-core\1.3\hamcrest-core-1.3.jar;e:\mvn\com\google\inject\guice\4.2.2\guice-4.2.2-no_aop.jar;e:\mvn\javax\inject\javax.inject\1\javax.inject-1.jar;e:\mvn\aopalliance\aopalliance\1.0\aopalliance-1.0.jar;e:\mvn\com\google\guava\guava\25.1-android\guava-25.1-android.jar;e:\mvn\com\google\code\findbugs\jsr305\3.0.2\jsr305-3.0.2.jar;e:\mvn\org\checkerframework\checker-compat-qual\2.0.0\checker-compat-qual-2.0.0.jar;e:\mvn\com\google\errorprone\error_prone_annotations\2.1.3\error_prone_annotations-2.1.3.jar;e:\mvn\com\google\j2objc\j2objc-annotations\1.1\j2objc-annotations-1.1.jar;e:\mvn\org\codehaus\mojo\animal-sniffer-annotations\1.14\animal-sniffer-annotations-1.14.jar;e:\mvn\org\yaml\snakeyaml\1.21\snakeyaml-1.21.jar;e:\mvn\org\slf4j\slf4j-api\1.7.36\slf4j-api-1.7.36.jar;e:\mvn\org\apache\logging\log4j\log4j-api\2.19.0\log4j-api-2.19.0.jar;e:\mvn\org\apache\logging\log4j\log4j-core\2.19.0\log4j-core-2.19.0.jar;"/>
    <property name="sun.cpu.endian" value="little"/>
    <property name="user.home" value="C:\Users\guan"/>
    <property name="user.language" value="zh"/>
    <property name="java.specification.vendor" value="Oracle Corporation"/>
    <property name="java.home" value="D:\Program Files\Java\jdk1.8.0_202\jre"/>
    <property name="basedir" value="E:\workspace\salt\crypto"/>
    <property name="file.separator" value="\"/>
    <property name="line.separator" value="&#10;"/>
    <property name="java.vm.specification.vendor" value="Oracle Corporation"/>
    <property name="java.specification.name" value="Java Platform API Specification"/>
    <property name="java.awt.graphicsenv" value="sun.awt.Win32GraphicsEnvironment"/>
    <property name="surefire.real.class.path" value="C:\Users\guan\AppData\Local\Temp\surefire5823517381418834506\surefirebooter-20240531105710098_3.jar"/>
    <property name="sun.boot.class.path" value="D:\Program Files\Java\jdk1.8.0_202\jre\lib\resources.jar;D:\Program Files\Java\jdk1.8.0_202\jre\lib\rt.jar;D:\Program Files\Java\jdk1.8.0_202\jre\lib\sunrsasign.jar;D:\Program Files\Java\jdk1.8.0_202\jre\lib\jsse.jar;D:\Program Files\Java\jdk1.8.0_202\jre\lib\jce.jar;D:\Program Files\Java\jdk1.8.0_202\jre\lib\charsets.jar;D:\Program Files\Java\jdk1.8.0_202\jre\lib\jfr.jar;D:\Program Files\Java\jdk1.8.0_202\jre\classes"/>
    <property name="user.script" value=""/>
    <property name="sun.management.compiler" value="HotSpot 64-Bit Tiered Compilers"/>
    <property name="java.runtime.version" value="1.8.0_202-b08"/>
    <property name="user.name" value="guan"/>
    <property name="path.separator" value=";"/>
    <property name="os.version" value="10.0"/>
    <property name="java.endorsed.dirs" value="D:\Program Files\Java\jdk1.8.0_202\jre\lib\endorsed"/>
    <property name="java.runtime.name" value="Java(TM) SE Runtime Environment"/>
    <property name="file.encoding" value="GBK"/>
    <property name="java.vm.name" value="Java HotSpot(TM) 64-Bit Server VM"/>
    <property name="localRepository" value="e:\mvn"/>
    <property name="java.vendor.url.bug" value="http://bugreport.sun.com/bugreport/"/>
    <property name="java.io.tmpdir" value="C:\Users\guan\AppData\Local\Temp\"/>
    <property name="idea.version" value="2022.2.1"/>
    <property name="java.version" value="1.8.0_202"/>
    <property name="user.dir" value="E:\workspace\salt\crypto"/>
    <property name="os.arch" value="amd64"/>
    <property name="java.vm.specification.name" value="Java Virtual Machine Specification"/>
    <property name="java.awt.printerjob" value="sun.awt.windows.WPrinterJob"/>
    <property name="sun.os.patch.level" value=""/>
    <property name="java.library.path" value="D:\Program Files\Java\jdk1.8.0_202\jre\bin;C:\Windows\Sun\Java\bin;C:\Windows\system32;C:\Windows;C:\Program Files (x86)\Common Files\Oracle\Java\javapath;C:\Program Files (x86)\Common Files\Intel\Shared Files\cpp\bin\Intel64;C:\Windows\system32;C:\Windows;C:\Windows\System32\Wbem;C:\Windows\System32\WindowsPowerShell\v1.0\;C:\Windows\System32\OpenSSH\;D:\Program Files (x86)\Microsoft SQL Server\100\Tools\Binn\;D:\Program Files\Microsoft SQL Server\100\Tools\Binn\;D:\Program Files\Microsoft SQL Server\100\DTS\Binn\;D:\Program Files (x86)\Microsoft SQL Server\100\Tools\Binn\VSShell\Common7\IDE\;D:\Program Files (x86)\Microsoft SQL Server\100\DTS\Binn\;D:\Program Files\Java\jdk1.8.0_281\bin;D:\Program Files (x86)\Java\jre1.8.0_281\bin;D:\Program Files\Java\jdk1.8.0_281;D:\Program Files\nodejs\node_global\;d:\P;ogram Files\Git\cmd;D:\Pro;ram Files\nodejs\;d:\P;ogram Files\Git\cmd;D:\Pro;ram Files\nodejs\;d:\P;ogram Files\Git\cmd;C:\Program Files\dotnet\;D:\Program Files (x86)\NetSarang\Xshell 7\;D:\Program Files (x86)\NetSarang\Xftp 7\;d:\Program Files (x86)\Tencent\微信web开发者工具\dll;;;d:\P;ogram Files\Git\cmd;d:\Program Files\Git\cmd;C:\Users\guan\AppData\Local\Microsoft\WindowsApps;d:\Program Files\JetBrains\IntelliJ IDEA 2020.3.2\bin;;C:\Users\guan\AppData\Roaming\npm;."/>
    <property name="java.vm.info" value="mixed mode"/>
    <property name="java.vendor" value="Oracle Corporation"/>
    <property name="java.vm.version" value="25.202-b08"/>
    <property name="java.ext.dirs" value="D:\Program Files\Java\jdk1.8.0_202\jre\lib\ext;C:\Windows\Sun\Java\lib\ext"/>
    <property name="sun.io.unicode.encoding" value="UnicodeLittle"/>
    <property name="java.class.version" value="52.0"/>
  </properties>
  <testcase name="testKeyPair" classname="salt.hoprxi.crypto.EncryptServiceTest" time="0.55">
    <system-out><![CDATA[RSA私钥：
MIIEvQIBADANBgkqhkiG9w0BAQEFAASCBKcwggSjAgEAAoIBAQCrVNEBsiAttq6PnlVC6UXBFELWvacoUS0ub+AfcXJK+MhV21j7HhfHqk1IIx9AnLE5xe3Pq6UjWCbmvigTerpsuUn3nk3qwPOcg/GFAB6Yu8aaaN7eEMkvHSPuCXnp8lpfjeZSN/Kwxw3hnztquPGHFTwC/CtynFMiuTTT8GZ/p+rPQHF8kaYZpamhpRSC8q9dMJu1Wl7QYxzD8I62T3caLrZ37ES19myon9hdAghd/4XXO+/ppuOPy9rjn1Q2i9jSCaPcNnujntI77PcWGsEYA4R8a3175iz0DUy8te6XcG46z4Ujjfl1mi1c9IFBJw+brzFTrxtuDcY1F9WgL14jAgMBAAECggEAJYBuM0nTA06OTP9iOEApNYcCzlA663dBRX3Vd+x0EPb9mtVlV6oRmHGtctHFQHZL0JKDaEZw4hikgzMyQHlHnw67owiyk2TireqvjeYlzFaltRypU8Am2TouqCbI2a1jnLDJrktywsD/R9h7v/N1YpUCSsD5nZ+cDuitKIrhVKWH4ZriwME9dHbx5boPqhITl2oPU+xlnEE73X80x0hZ5oHuqb4Nu+xzpZ+NURqSO8wjU5kweVfVK/WBPfJB9Ayh5gdUCf/Ap1HgVwOO8z0oX6oi6URMlQ+x1bcAWIsGoebqiWLVY8GMYzBzdZDxM2fsh6i+FBRzRK6ZcVrk5doz6QKBgQDY8qbIFoA23coJi5Ko/eOtzH7egg2eq4mHQhCnrTcqISnC83aiZ5J2uBkG69Hm8KN03RHXdeQ2e+Egx2xOzye+jedyEPUMzd5UIGMjKZVUqznB2YiiSTWsZAMdHRE7x2NrmUZq3q/r8MQIylk/tkjespJfJ9ByLoLLn6mGlqH4rwKBgQDKLBKGn5Xv1kD72xwV5IDZ9ND0ynElkZH3U2J570Bu1DlYCBQPzy5pprrpWBAb42v2/4txnmyz+FU1ytSr4hbZNLXsB0Hios9maP3YTL6b3NVr2CJ6zj9g7q4Cuzn+lnzlgEOdUa6P7IGmC28lICEPmYPL9tJ75jnwLisUHVLmzQKBgHSqUKwrBXn73UkyyISeO9DbtqIbmA1qu8OD8IbrLE44lUekO3jsb6PuLm89Y5xobc5Lj+upFzeBeLhy5bifyAS+NOdvXQgssVHWNNnU49wrVBz9yW9UJUv2YIJIflsCR2G2hFq2NC6SRClh/4q2kQtJRlNrirnMb0PnMXgSCzo7AoGBAIYOMzqRFxqxNuXJpBXgLpBXhTbMBbqji+YzpFi2DENw9ZUpxiO1fVEQ/V88xXG4mx5s1EnCgtHTGK1SkTJn+D6OdRLMvSNKUbvWYnvKZ5lyFRItfq9vkxbzLO8itpHZt3d2VV87ikRkzpMLgedcJo/xezMDtw3w2vonoujziMUBAoGAZo1wjk79Le/5uIxz8rBmPDoxxJobNNj7EYsvG+0mAaPomsBKKZOeCfAvNm/FT1m/hx/ilZGNCFcI2PdcktknFyArLcNFFU7iAVRBZg1TIZK+/g3j1RpVa5vg/rd4bUolo21q8+Mah9612el6brKDgDKkl9IALFU0hjwelpxl+9o=
RSA公钥：
MIIBIjANBgkqhkiG9w0BAQEFAAOCAQ8AMIIBCgKCAQEAq1TRAbIgLbauj55VQulFwRRC1r2nKFEtLm/gH3FySvjIVdtY+x4Xx6pNSCMfQJyxOcXtz6ulI1gm5r4oE3q6bLlJ955N6sDznIPxhQAemLvGmmje3hDJLx0j7gl56fJaX43mUjfysMcN4Z87arjxhxU8AvwrcpxTIrk00/Bmf6fqz0BxfJGmGaWpoaUUgvKvXTCbtVpe0GMcw/COtk93Gi62d+xEtfZsqJ/YXQIIXf+F1zvv6abjj8va459UNovY0gmj3DZ7o57SO+z3FhrBGAOEfGt9e+Ys9A1MvLXul3BuOs+FI435dZotXPSBQScPm68xU68bbg3GNRfVoC9eIwIDAQAB
私钥加密:
DI2kYDfxXOZP/DOMooE3acZHSbfAd/+z5h/1aNmKdrGArbfHIK3XvrDASk1x0/L0PdOZpVsEFACzPLlE5kV8RhTub1wphGItf3myY37bS5E4T8O1tnHcRVHBVYdJAwpTEii6RxWv6mg8XugoQy+DhtWgfwWkrhTyrGF3ADb/IT2uLl2bEH0tW0EGxWilKEXC1d/KlWOU01p6pjrjnSS6D3ZaqYgcFs5NKtM5d+cLVaxRJt2jBw2anXfxasZdNutWXowyEGNTlqnUCd9JwwUxXB3tHV9nuZZcumvLpE1FoT6bcyX9ucnNRr0+FVLvLb7jx+XKlLCchXnj4MBIM26mPIrNJsWmNKGv9Qs7GiM2MDhx0R63JpVjjhk+MYd6ZWUwoZZQIgSASL+aJKlzphH6rMq2ms3w0Z6tW0w1gJvYn7xrJdq3Gk7wyOBTNBULrIUuJfGOZ24AY5uQJscrbtd1vgxstQv+riwJjJxD9nCxIvj0Lt64RPJI61ZkmkM1vy35SdK3+WI+VB7I9ReigMwDzZCjHLJrXVssPoq4sjnAvuSrz+5ZQEZpOsJgvol8o3oZa/5uezh/pZ0haTYK1Zz5E1QjDIS8/0lIxzLdtxBh9jWy82G2eA2ssoURVsDQ6e9C1Y8HUKiVo0AZayj5G2cewOmsUKdy0f50U/BB5c1F8RY=
公钥解密:
寒山阿萨法千万人情味去我姥姥爱上合适的第三方挖了文人士大夫为了网天然了问题了合适的发生大幅了剃光头了过了23人我还是封杀哥哥老大哥电话3晚了点共和国饿他跟3 二哥和老公扔了涉案特了啊头； 为爱跳舞艾尔文特委屈我去儿童委屈月初℃
公钥加密:
ptxW7MUScL+TZhqcILl8aEMbwwL6DAhfq0Q7xfMkuvs8d2pWdT/5Xr4WiPgKCACLOiZu2AfTKAxWtDtM5mQMnkC4aSjbGqqNruFLgTZXW2ImVyZV4AFocRphRnO3xHzuNUKTM14FYrcdb3Zbh90Hh7PEfo6fdvTvxhYks/02Vtiy1r7zCLp/ZLtmv42UCUXJ7+FdGbRmg3JX3xDp5u5O56LOq5/jQ+UmwJgddA0CCyZvcGq2c00GCLFcMpdGeaaQu2i2zKPKgh9anAblpdR7FuLn7mmljaTKItwiLVISN3PQwK/gjkcmVUrK9zmHSjaaMhnGPZkl3Syt4sODRfCyRmsmyaf1q9X2Ny/GptG7EgnrfJCBCprGQ/Qc3RJ56/gIS/mSkuqoEKHOoOfVngAXtSuxk1R3G9jX/WWy+G5e/Qy4QhdWqKD0AFIJjDHQamoE60PjAT31xXC/Jco8pQKGq/MtSF81A3y/4d8MTbszqeOto+idyNtxCbQ3mu8axP1JVHU8Ram7oqzrECwlykuzsRg22orz3pVmxG9BYRrDhO7OqKXLjd5YSJS2k+gVYnsEXELc7FBk3x8cC5JMAuLKakMZ5oDHySwPRBqLLg7ORyqXuKjafsH8IAXNbuWMA0MVBDnW1H50ZATcJbM5WJnwL7XdVN4BU5nYkIFXaapPV0U=
私钥解密
寒山阿萨法千万人情味去我姥姥爱上合适的第三方挖了文人士大夫为了网天然了问题了合适的发生大幅了剃光头了过了23人我还是封杀哥哥老大哥电话3晚了点共和国饿他跟3 二哥和老公扔了涉案特了啊头； 为爱跳舞艾尔文特委屈我去儿童委屈月初℃
]]></system-out>
  </testcase>
  <testcase name="testSign" classname="salt.hoprxi.crypto.EncryptServiceTest" time="0.156">
    <system-out><![CDATA[签名:
c5KBlBCwoa5Lasgz3L9KCoVdeJQ1rRxHmRtTTydy9k5rB5BF3SsdyWdSXh1GJ6RYjGm+M+l7eYOOPSTSJdNJeTmd7sBuY3/y+28o8O7EtCJwT8Bp6YBWvAlI/fSXoO0ho583L5I4FClPmoh5uzscxk/w+QwBxJ8FimIqm07BOyzq6nZmw2C17CVEMNJjQLvV21zEZqda3Tjcs/ij3zSHY332dBaTpSBU3bx80a64BtFAF40Z22BBOTRrZ09A6E6jPw3JtXAUqaDnSo6NQO7C1NW/jHN7yeHbSMxwzukXqDNaeaVQqijWaoDoTCVgzxye4dOsUoWH5PFlA9Jrq4QNRg==
]]></system-out>
  </testcase>
  <testcase name="testStored" classname="salt.hoprxi.crypto.EncryptServiceTest" time="0.637"/>
  <testcase name="bcryptEncryptAndCheck" classname="salt.hoprxi.crypto.HashServiceTest" time="0.17">
    <system-out><![CDATA[$2a$10$Ao.yrQRZHVashGFyog26/ORuZ69gwEBT27oHKiLraTxm/pOXNq/te
95
]]></system-out>
  </testcase>
  <testcase name="pbhkdf2EncryptAndCheck" classname="salt.hoprxi.crypto.HashServiceTest" time="0.131">
    <system-out><![CDATA[923e625d21dc7e41ce2b18488daebe29811fd1ab0fa96cff44447ddb8db7cc30:713b61a6cf1698e2da40c09dbc469aa5bd7cfce1961022e7d85a9ff193e28c7a
]]></system-out>
    <system-err><![CDATA[SLF4J: Failed to load class "org.slf4j.impl.StaticLoggerBinder".
SLF4J: Defaulting to no-operation (NOP) logger implementation
SLF4J: See http://www.slf4j.org/codes.html#StaticLoggerBinder for further details.
]]></system-err>
  </testcase>
  <testcase name="scryptCheck" classname="salt.hoprxi.crypto.HashServiceTest" time="0.833">
    <system-out><![CDATA[$s0$100801$NdMMV/gOZWiMRlqzYl6nwQ==$isKMecwypQMBAWjrkSsKEzTi/IcdYM0hz6djfMf9Zj0=
]]></system-out>
  </testcase>
  <testcase name="sha512" classname="salt.hoprxi.crypto.HashServiceTest" time="0.002">
    <system-out><![CDATA[yMYWUsbT0PhMA1A7+sWlmxuU+hdD9qf/FcUGmJAx7T1gPpqgPWURXROkRc8Ezf/3fa95d+O/j2y7LGVh+K67Bw==
9fHTwvuIp+p+xvQeBJNp3eYsHijaO4CV9cvSLjsptAhIs0dzZSqSwpq7LsRKtKdZzi9wm1gnKddY4ADe9utA4A==
]]></system-out>
  </testcase>
  <testcase name="sha512" classname="salt.hoprxi.crypto.HashServiceTest" time="0.001">
    <system-out><![CDATA[yMYWUsbT0PhMA1A7+sWlmxuU+hdD9qf/FcUGmJAx7T1gPpqgPWURXROkRc8Ezf/3fa95d+O/j2y7LGVh+K67Bw==
9fHTwvuIp+p+xvQeBJNp3eYsHijaO4CV9cvSLjsptAhIs0dzZSqSwpq7LsRKtKdZzi9wm1gnKddY4ADe9utA4A==
]]></system-out>
  </testcase>
  <testcase name="SM3EncryptAndCheck" classname="salt.hoprxi.crypto.HashServiceTest" time="0.003">
    <system-out><![CDATA[gdTTszixCl0YieGVvr4E7K7SlRouWSQhgq4sqGdpUzo=
VrlCbu7u6Za6PPZqt9Wl4dP2O38Zht0atBXefiUuVJk=
]]></system-out>
  </testcase>
  <testcase name="SM3EncryptAndCheck" classname="salt.hoprxi.crypto.HashServiceTest" time="0.001">
    <system-out><![CDATA[gdTTszixCl0YieGVvr4E7K7SlRouWSQhgq4sqGdpUzo=
VrlCbu7u6Za6PPZqt9Wl4dP2O38Zht0atBXefiUuVJk=
]]></system-out>
  </testcase>
  <testcase name="argon2Check" classname="salt.hoprxi.crypto.HashServiceTest" time="0.164">
    <system-out><![CDATA[$argon2id$v=19$m=16384,t=2,p=1$nYw6k5vncHci7Qu1ztq45g==$IxtRyqPRYJjR/3vlhy/JrZM0UV8l+Ic6JprbuMEej9o=
]]></system-out>
  </testcase>
  <testcase name="testAes" classname="salt.hoprxi.crypto.PasswordServiceTest" time="0.477">
    <system-out><![CDATA[AES随机初始化向量(BASE64):xnJxFJ0S0wm4o0t29m0L5g==
AES随机密钥(elasticsearch):jBGTcI1Mm36ASDQmBXXXcH/FbtE+MjiasZf/aY5GJvw=
AES随机密钥(postgresql):PLRMfOFACQh3rU/IU9NUV9tEivaLLnDuRyQA0EmHhRU=
AES指定密钥:MSF3h/XhNIUjGaZHltP+WHwAAZil6UssgnxcAzwUg1Q=
AES加密结果(base64)：Sj6t+nwGOK7475Z6EVsHgaUYPSQFtbdj1S6rEDEyFNo=
AES加密结果(hex):4a3eadfa7c0638aef8ef967a115b0781a5183d2405b5b763d52eab10313214da
AES解密结果：Qwe123465德w
]]></system-out>
  </testcase>
  <testcase name="testGeneratePassword" classname="salt.hoprxi.crypto.PasswordServiceTest" time="0.003">
    <system-out><![CDATA[?k!0)pBO)
5nM!+V4>GS~:Pl#
]]></system-out>
  </testcase>
  <testcase name="testIsStrong" classname="salt.hoprxi.crypto.PasswordServiceTest" time="0.0"/>
  <testcase name="testMain" classname="salt.hoprxi.crypto.PasswordServiceTest" time="0.001">
    <system-out><![CDATA[The plan text encrypted
------                -----------        
plan_text                阿达沙发上
password                 Qwe123465
encrypted(base64)        KX/EToZM/7VgFpbMDSCWK2oGQZPR/9syKSXyKmA8dRw=
]]></system-out>
  </testcase>
  <testcase name="testEncryptSpec" classname="salt.hoprxi.crypto.util.AESUtilTest" time="0.001">
    <system-out><![CDATA[加密原文(text:base64):Qwe123465Dw$UXdlMTIzNDY1RHc=
SM4加密结果(hex):20dc880d69589eb3f2e86eb981f5c8be19047a8c77e061d671187707638e0265
SM4加密结果(base64):INyIDWlYnrPy6G65gfXIvhkEeox34GHWcRh3B2OOAmU=
]]></system-out>
  </testcase>
  <testcase name="testDecryptSpec" classname="salt.hoprxi.crypto.util.AESUtilTest" time="0.001">
    <system-out><![CDATA[SM4解密结果(base64):Qwe123465Dw
SM4解密结果(base64):Qwe123465Dw中文
]]></system-out>
  </testcase>
  <testcase name="testEncryptSpec" classname="salt.hoprxi.crypto.util.SM4UtilTest" time="0.599">
    <system-out><![CDATA[加密原文(text:base64):Qwe123465Dw中文$UXdlMTIzNDY1RHfkuK3mloc=
SM4加密结果(hex):bd2d879c1aca4fd5d786d61b56b5db11450a30bc83e9b80fc058e4bb88727f1a8887ba3e16f28e47ba4c2468e426bf69
SM4加密结果(base64):vS2HnBrKT9XXhtYbVrXbEUUKMLyD6bgPwFjku4hyfxqIh7o+FvKOR7pMJGjkJr9p
]]></system-out>
  </testcase>
  <testcase name="testDecryptSpec" classname="salt.hoprxi.crypto.util.SM4UtilTest" time="0.011">
    <system-out><![CDATA[SM4解密结果(base64):Qwe123465Dw中文
SM4解密结果(base64):Qwe123465Dw
]]></system-out>
  </testcase>
</testsuite>