<?xml version="1.0" encoding="UTF-8"?>
<!-- Generated by org.testng.reporters.JUnitReportReporter -->
<testsuite skipped="0" hostname="DESKTOP-3UDVRB3" name="salt.hoprxi.id.ObjectIdTest" tests="3" failures="0" timestamp="2023-09-20T21:59:33 CST" time="0.074" errors="0">
  <testcase name="id" time="0.074" classname="salt.hoprxi.id.ObjectIdTest"/>
  <system-out/>
  <testcase name="timestamp" time="0.000" classname="salt.hoprxi.id.ObjectIdTest"/>
  <system-out/>
  <testcase name="out" time="0.000" classname="salt.hoprxi.id.ObjectIdTest"/>
  <system-out/>
</testsuite> <!-- salt.hoprxi.id.ObjectIdTest -->
