<?xml version="1.0" encoding="UTF-8"?>
<!-- Generated by org.testng.reporters.JUnitReportReporter -->
<testsuite skipped="0" hostname="DESKTOP-3UDVRB3" name="salt.hoprxi.id.LongIdTest" tests="2" failures="0" timestamp="2023-09-20T21:59:33 CST" time="0.715" errors="0">
  <testcase name="generate" time="0.645" classname="salt.hoprxi.id.LongIdTest"/>
  <system-out/>
  <testcase name="timestamp" time="0.070" classname="salt.hoprxi.id.LongIdTest"/>
  <system-out/>
</testsuite> <!-- salt.hoprxi.id.LongIdTest -->
