<?xml version="1.0" encoding="UTF-8"?>
<!-- Generated by org.testng.reporters.JUnitReportReporter -->
<testsuite skipped="0" hostname="DESKTOP-3UDVRB3" name="salt.hoprxi.to.PinYinTest" tests="2" failures="0" timestamp="2023-09-22T12:01:39 CST" time="0.019" errors="0">
  <testcase name="testToShortPinYing" time="0.000" classname="salt.hoprxi.to.PinYinTest"/>
  <system-out/>
  <testcase name="testToPinYing" time="0.019" classname="salt.hoprxi.to.PinYinTest"/>
  <system-out/>
</testsuite> <!-- salt.hoprxi.to.PinYinTest -->
