<?xml version="1.0" encoding="UTF-8"?>
<!-- Generated by org.testng.reporters.JUnitReportReporter -->
<testsuite skipped="0" hostname="DESKTOP-3UDVRB3" name="salt.hoprxi.to.DigitalToChineseTest" tests="1" failures="0" timestamp="2024-01-11T22:07:01 CST" time="0.007" errors="0">
  <testcase name="testFormat" time="0.007" classname="salt.hoprxi.to.DigitalToChineseTest"/>
  <system-out/>
</testsuite> <!-- salt.hoprxi.to.DigitalToChineseTest -->
