<?xml version="1.0" encoding="UTF-8"?>
<!-- Generated by org.testng.reporters.JUnitReportReporter -->
<testsuite skipped="0" hostname="DESKTOP-3UDVRB3" name="salt.hoprxi.to.ImageBytesConversionTest" tests="2" failures="0" timestamp="2023-09-22T12:01:39 CST" time="1.450" errors="0">
  <testcase name="imageToByte" time="0.002" classname="salt.hoprxi.to.ImageBytesConversionTest"/>
  <system-out/>
  <testcase name="bytesToImage" time="1.448" classname="salt.hoprxi.to.ImageBytesConversionTest"/>
  <system-out/>
</testsuite> <!-- salt.hoprxi.to.ImageBytesConversionTest -->
