<?xml version="1.0" encoding="UTF-8"?>
<!-- Generated by org.testng.reporters.JUnitReportReporter -->
<testsuite skipped="0" hostname="DESKTOP-3UDVRB3" name="salt.hoprxi.to.DigitalToChineseTest" tests="1" failures="0" timestamp="2023-09-22T12:01:39 CST" time="0.006" errors="0">
  <testcase name="testFormat" time="0.006" classname="salt.hoprxi.to.DigitalToChineseTest"/>
  <system-out/>
</testsuite> <!-- salt.hoprxi.to.DigitalToChineseTest -->
