<?xml version="1.0" encoding="UTF-8"?>
<!-- Generated by org.testng.reporters.JUnitReportReporter -->
<testsuite skipped="0" hostname="DESKTOP-3UDVRB3" name="salt.hoprxi.crypto.PasswordServiceTest" tests="6" failures="0" timestamp="2023-09-20T21:59:38 CST" time="1.489" errors="0">
  <testcase name="testKeyPair" time="0.478" classname="salt.hoprxi.crypto.PasswordServiceTest"/>
  <system-out/>
  <testcase name="testAes" time="0.099" classname="salt.hoprxi.crypto.PasswordServiceTest"/>
  <system-out/>
  <testcase name="testStored" time="0.785" classname="salt.hoprxi.crypto.PasswordServiceTest"/>
  <system-out/>
  <testcase name="testIsStrong" time="0.000" classname="salt.hoprxi.crypto.PasswordServiceTest"/>
  <system-out/>
  <testcase name="testSign" time="0.124" classname="salt.hoprxi.crypto.PasswordServiceTest"/>
  <system-out/>
  <testcase name="testGeneratePassword" time="0.003" classname="salt.hoprxi.crypto.PasswordServiceTest"/>
  <system-out/>
</testsuite> <!-- salt.hoprxi.crypto.PasswordServiceTest -->
