<?xml version="1.0" encoding="UTF-8"?>
<!-- Generated by org.testng.reporters.JUnitReportReporter -->
<testsuite skipped="0" hostname="DESKTOP-3UDVRB3" name="salt.hoprxi.crypto.HashServiceTest" tests="8" failures="0" timestamp="2024-05-31T10:57:15 CST" time="1.303" errors="0">
  <testcase name="sha512" time="0.001" classname="salt.hoprxi.crypto.HashServiceTest"/>
  <system-out/>
  <testcase name="bcryptEncryptAndCheck" time="0.170" classname="salt.hoprxi.crypto.HashServiceTest"/>
  <system-out/>
  <testcase name="pbhkdf2EncryptAndCheck" time="0.130" classname="salt.hoprxi.crypto.HashServiceTest"/>
  <system-out/>
  <testcase name="scryptCheck" time="0.833" classname="salt.hoprxi.crypto.HashServiceTest"/>
  <system-out/>
  <testcase name="sha512" time="0.000" classname="salt.hoprxi.crypto.HashServiceTest"/>
  <system-out/>
  <testcase name="SM3EncryptAndCheck" time="0.005" classname="salt.hoprxi.crypto.HashServiceTest"/>
  <system-out/>
  <testcase name="SM3EncryptAndCheck" time="0.000" classname="salt.hoprxi.crypto.HashServiceTest"/>
  <system-out/>
  <testcase name="argon2Check" time="0.164" classname="salt.hoprxi.crypto.HashServiceTest"/>
  <system-out/>
</testsuite> <!-- salt.hoprxi.crypto.HashServiceTest -->
