<?xml version="1.0" encoding="UTF-8"?>
<!-- Generated by org.testng.reporters.JUnitReportReporter -->
<testsuite skipped="0" hostname="DESKTOP-3UDVRB3" name="salt.hoprxi.crypto.HashServiceTest" tests="7" failures="0" timestamp="2023-09-20T21:59:38 CST" time="1.849" errors="0">
  <testcase name="pbhkdf2EncryptAndCheck" time="0.496" classname="salt.hoprxi.crypto.HashServiceTest"/>
  <system-out/>
  <testcase name="scryptSha" time="0.001" classname="salt.hoprxi.crypto.HashServiceTest"/>
  <system-out/>
  <testcase name="bcryptEncryptAndCheck" time="0.181" classname="salt.hoprxi.crypto.HashServiceTest"/>
  <system-out/>
  <testcase name="scryptCheck" time="1.163" classname="salt.hoprxi.crypto.HashServiceTest"/>
  <system-out/>
  <testcase name="scryptSha" time="0.000" classname="salt.hoprxi.crypto.HashServiceTest"/>
  <system-out/>
  <testcase name="SM3EncryptAndCheck" time="0.002" classname="salt.hoprxi.crypto.HashServiceTest"/>
  <system-out/>
  <testcase name="SM3EncryptAndCheck" time="0.006" classname="salt.hoprxi.crypto.HashServiceTest"/>
  <system-out/>
</testsuite> <!-- salt.hoprxi.crypto.HashServiceTest -->
