<?xml version="1.0" encoding="UTF-8"?>
<!-- Generated by org.testng.reporters.JUnitReportReporter -->
<testsuite skipped="0" hostname="DESKTOP-3UDVRB3" name="salt.hoprxi.crypto.PasswordServiceTest" tests="4" failures="0" timestamp="2024-05-31T10:57:15 CST" time="0.481" errors="0">
  <testcase name="testGeneratePassword" time="0.002" classname="salt.hoprxi.crypto.PasswordServiceTest"/>
  <system-out/>
  <testcase name="testAes" time="0.477" classname="salt.hoprxi.crypto.PasswordServiceTest"/>
  <system-out/>
  <testcase name="testIsStrong" time="0.001" classname="salt.hoprxi.crypto.PasswordServiceTest"/>
  <system-out/>
  <testcase name="testMain" time="0.001" classname="salt.hoprxi.crypto.PasswordServiceTest"/>
  <system-out/>
</testsuite> <!-- salt.hoprxi.crypto.PasswordServiceTest -->
