<?xml version="1.0" encoding="UTF-8"?>
<!-- Generated by org.testng.reporters.JUnitReportReporter -->
<testsuite skipped="0" hostname="DESKTOP-3UDVRB3" name="salt.hoprxi.AppTest" tests="1" failures="0" timestamp="2024-01-11T22:06:59 CST" time="0.009" errors="0">
  <testcase name="testApp" time="0.009" classname="salt.hoprxi.AppTest"/>
  <system-out/>
</testsuite> <!-- salt.hoprxi.AppTest -->
